0 info it worked if it ends with ok
1 verbose cli [ 'C:\\Program Files\\nodejs\\node.exe',
1 verbose cli   'C:\\Program Files\\nodejs\\node_modules\\npm\\bin\\npm-cli.js',
1 verbose cli   'i',
1 verbose cli   'gulp-html-prettify' ]
2 info using npm@3.10.10
3 info using node@v6.9.5
4 silly loadCurrentTree Starting
5 silly install loadCurrentTree
6 silly install readLocalPackageData
7 silly fetchPackageMetaData gulp-html-prettify
8 silly fetchNamedPackageData gulp-html-prettify
9 silly mapToRegistry name gulp-html-prettify
10 silly mapToRegistry using default registry
11 silly mapToRegistry registry https://registry.npmjs.org/
12 silly mapToRegistry data Result {
12 silly mapToRegistry   raw: 'gulp-html-prettify',
12 silly mapToRegistry   scope: null,
12 silly mapToRegistry   escapedName: 'gulp-html-prettify',
12 silly mapToRegistry   name: 'gulp-html-prettify',
12 silly mapToRegistry   rawSpec: '',
12 silly mapToRegistry   spec: 'latest',
12 silly mapToRegistry   type: 'tag' }
13 silly mapToRegistry uri https://registry.npmjs.org/gulp-html-prettify
14 verbose request uri https://registry.npmjs.org/gulp-html-prettify
15 verbose request no auth needed
16 info attempt registry request try #1 at 6:13:04 AM
17 verbose request id 3312d6f4d152a6a8
18 verbose etag "COKTP8SLS8WH4WYEZUWP2N8VO"
19 http request GET https://registry.npmjs.org/gulp-html-prettify
20 http 200 https://registry.npmjs.org/gulp-html-prettify
21 verbose headers { server: 'nginx/1.10.1',
21 verbose headers   'content-type': 'application/json',
21 verbose headers   'last-modified': 'Wed, 28 Dec 2016 03:42:14 GMT',
21 verbose headers   etag: 'W/"58633496-10b9"',
21 verbose headers   'content-encoding': 'gzip',
21 verbose headers   'cache-control': 'max-age=300',
21 verbose headers   'content-length': '1683',
21 verbose headers   'accept-ranges': 'bytes',
21 verbose headers   date: 'Mon, 22 May 2017 05:13:04 GMT',
21 verbose headers   via: '1.1 varnish',
21 verbose headers   age: '0',
21 verbose headers   connection: 'keep-alive',
21 verbose headers   'x-served-by': 'cache-lhr6330-LHR',
21 verbose headers   'x-cache': 'MISS',
21 verbose headers   'x-cache-hits': '0',
21 verbose headers   'x-timer': 'S1495429985.666921,VS0,VE105',
21 verbose headers   vary: 'Accept-Encoding' }
22 silly get cb [ 200,
22 silly get   { server: 'nginx/1.10.1',
22 silly get     'content-type': 'application/json',
22 silly get     'last-modified': 'Wed, 28 Dec 2016 03:42:14 GMT',
22 silly get     etag: 'W/"58633496-10b9"',
22 silly get     'content-encoding': 'gzip',
22 silly get     'cache-control': 'max-age=300',
22 silly get     'content-length': '1683',
22 silly get     'accept-ranges': 'bytes',
22 silly get     date: 'Mon, 22 May 2017 05:13:04 GMT',
22 silly get     via: '1.1 varnish',
22 silly get     age: '0',
22 silly get     connection: 'keep-alive',
22 silly get     'x-served-by': 'cache-lhr6330-LHR',
22 silly get     'x-cache': 'MISS',
22 silly get     'x-cache-hits': '0',
22 silly get     'x-timer': 'S1495429985.666921,VS0,VE105',
22 silly get     vary: 'Accept-Encoding' } ]
23 verbose get saving gulp-html-prettify to C:\Users\tan-tot\AppData\Roaming\npm-cache\registry.npmjs.org\gulp-html-prettify\.cache.json
24 verbose correctMkdir C:\Users\tan-tot\AppData\Roaming\npm-cache correctMkdir not in flight; initializing
25 silly install normalizeTree
26 silly loadCurrentTree Finishing
27 silly loadIdealTree Starting
28 silly install loadIdealTree
29 silly cloneCurrentTree Starting
30 silly install cloneCurrentTreeToIdealTree
31 silly cloneCurrentTree Finishing
32 silly loadShrinkwrap Starting
33 silly install loadShrinkwrap
34 silly loadShrinkwrap Finishing
35 silly loadAllDepsIntoIdealTree Starting
36 silly install loadAllDepsIntoIdealTree
37 silly resolveWithNewModule gulp-html-prettify@0.0.1 checking installable status
38 silly cache add args [ 'gulp-html-prettify', null ]
39 verbose cache add spec gulp-html-prettify
40 silly cache add parsed spec Result {
40 silly cache add   raw: 'gulp-html-prettify',
40 silly cache add   scope: null,
40 silly cache add   escapedName: 'gulp-html-prettify',
40 silly cache add   name: 'gulp-html-prettify',
40 silly cache add   rawSpec: '',
40 silly cache add   spec: 'latest',
40 silly cache add   type: 'tag' }
41 silly addNamed gulp-html-prettify@latest
42 verbose addNamed "latest" is being treated as a dist-tag for gulp-html-prettify
43 info addNameTag [ 'gulp-html-prettify', 'latest' ]
44 silly mapToRegistry name gulp-html-prettify
45 silly mapToRegistry using default registry
46 silly mapToRegistry registry https://registry.npmjs.org/
47 silly mapToRegistry data Result {
47 silly mapToRegistry   raw: 'gulp-html-prettify',
47 silly mapToRegistry   scope: null,
47 silly mapToRegistry   escapedName: 'gulp-html-prettify',
47 silly mapToRegistry   name: 'gulp-html-prettify',
47 silly mapToRegistry   rawSpec: '',
47 silly mapToRegistry   spec: 'latest',
47 silly mapToRegistry   type: 'tag' }
48 silly mapToRegistry uri https://registry.npmjs.org/gulp-html-prettify
49 verbose addNameTag registry:https://registry.npmjs.org/gulp-html-prettify not in flight; fetching
50 verbose get https://registry.npmjs.org/gulp-html-prettify not expired, no request
51 silly addNameTag next cb for gulp-html-prettify with tag latest
52 silly addNamed gulp-html-prettify@0.0.1
53 verbose addNamed "0.0.1" is a plain semver version for gulp-html-prettify
54 silly cache afterAdd gulp-html-prettify@0.0.1
55 verbose afterAdd C:\Users\tan-tot\AppData\Roaming\npm-cache\gulp-html-prettify\0.0.1\package\package.json not in flight; writing
56 verbose correctMkdir C:\Users\tan-tot\AppData\Roaming\npm-cache correctMkdir not in flight; initializing
57 verbose afterAdd C:\Users\tan-tot\AppData\Roaming\npm-cache\gulp-html-prettify\0.0.1\package\package.json written
58 silly fetchNamedPackageData event-stream
59 silly mapToRegistry name event-stream
60 silly mapToRegistry using default registry
61 silly mapToRegistry registry https://registry.npmjs.org/
62 silly mapToRegistry data Result {
62 silly mapToRegistry   raw: 'event-stream',
62 silly mapToRegistry   scope: null,
62 silly mapToRegistry   escapedName: 'event-stream',
62 silly mapToRegistry   name: 'event-stream',
62 silly mapToRegistry   rawSpec: '',
62 silly mapToRegistry   spec: 'latest',
62 silly mapToRegistry   type: 'tag' }
63 silly mapToRegistry uri https://registry.npmjs.org/event-stream
64 silly fetchNamedPackageData clone
65 silly mapToRegistry name clone
66 silly mapToRegistry using default registry
67 silly mapToRegistry registry https://registry.npmjs.org/
68 silly mapToRegistry data Result {
68 silly mapToRegistry   raw: 'clone',
68 silly mapToRegistry   scope: null,
68 silly mapToRegistry   escapedName: 'clone',
68 silly mapToRegistry   name: 'clone',
68 silly mapToRegistry   rawSpec: '',
68 silly mapToRegistry   spec: 'latest',
68 silly mapToRegistry   type: 'tag' }
69 silly mapToRegistry uri https://registry.npmjs.org/clone
70 silly fetchNamedPackageData gulp-util
71 silly mapToRegistry name gulp-util
72 silly mapToRegistry using default registry
73 silly mapToRegistry registry https://registry.npmjs.org/
74 silly mapToRegistry data Result {
74 silly mapToRegistry   raw: 'gulp-util',
74 silly mapToRegistry   scope: null,
74 silly mapToRegistry   escapedName: 'gulp-util',
74 silly mapToRegistry   name: 'gulp-util',
74 silly mapToRegistry   rawSpec: '',
74 silly mapToRegistry   spec: 'latest',
74 silly mapToRegistry   type: 'tag' }
75 silly mapToRegistry uri https://registry.npmjs.org/gulp-util
76 silly fetchOtherPackageData html@git://github.com/colynb/commonjs-html-prettyprinter.git
77 silly cache add args [ 'html@git://github.com/colynb/commonjs-html-prettyprinter.git',
77 silly cache add   null ]
78 verbose cache add spec html@git://github.com/colynb/commonjs-html-prettyprinter.git
79 silly cache add parsed spec Result {
79 silly cache add   raw: 'html@git://github.com/colynb/commonjs-html-prettyprinter.git',
79 silly cache add   scope: null,
79 silly cache add   escapedName: 'html',
79 silly cache add   name: 'html',
79 silly cache add   rawSpec: 'git://github.com/colynb/commonjs-html-prettyprinter.git',
79 silly cache add   spec: 'git://github.com/colynb/commonjs-html-prettyprinter.git',
79 silly cache add   type: 'hosted',
79 silly cache add   hosted:
79 silly cache add    { type: 'github',
79 silly cache add      ssh: 'git@github.com:colynb/commonjs-html-prettyprinter.git',
79 silly cache add      sshUrl: 'git+ssh://git@github.com/colynb/commonjs-html-prettyprinter.git',
79 silly cache add      httpsUrl: 'git+https://github.com/colynb/commonjs-html-prettyprinter.git',
79 silly cache add      gitUrl: 'git://github.com/colynb/commonjs-html-prettyprinter.git',
79 silly cache add      shortcut: 'github:colynb/commonjs-html-prettyprinter',
79 silly cache add      directUrl: 'https://raw.githubusercontent.com/colynb/commonjs-html-prettyprinter/master/package.json' } }
80 verbose addRemoteGit caching git://github.com/colynb/commonjs-html-prettyprinter.git
81 verbose addRemoteGit git://github.com/colynb/commonjs-html-prettyprinter.git is a repository hosted by github
82 silly tryClone cloning git://github.com/colynb/commonjs-html-prettyprinter.git via git://github.com/colynb/commonjs-html-prettyprinter.git
83 verbose tryClone git-github-com-colynb-commonjs-html-prettyprinter-git-82a62197 not in flight; caching
84 verbose correctMkdir C:\Users\tan-tot\AppData\Roaming\npm-cache\_git-remotes correctMkdir not in flight; initializing
85 verbose request uri https://registry.npmjs.org/gulp-util
86 verbose request no auth needed
87 info attempt registry request try #1 at 6:13:05 AM
88 verbose etag W/"58f9a8eb-fe41"
89 verbose lastModified Fri, 21 Apr 2017 06:38:35 GMT
90 http request GET https://registry.npmjs.org/gulp-util
91 verbose request uri https://registry.npmjs.org/clone
92 verbose request no auth needed
93 info attempt registry request try #1 at 6:13:05 AM
94 verbose etag W/"591e6bc2-ff60"
95 verbose lastModified Fri, 19 May 2017 03:51:30 GMT
96 http request GET https://registry.npmjs.org/clone
97 verbose request uri https://registry.npmjs.org/event-stream
98 verbose request no auth needed
99 info attempt registry request try #1 at 6:13:05 AM
100 verbose etag W/"58c1cdb0-17b52"
101 verbose lastModified Thu, 09 Mar 2017 21:48:32 GMT
102 http request GET https://registry.npmjs.org/event-stream
103 http 304 https://registry.npmjs.org/gulp-util
104 verbose headers { date: 'Mon, 22 May 2017 05:13:05 GMT',
104 verbose headers   via: '1.1 varnish',
104 verbose headers   'cache-control': 'max-age=300',
104 verbose headers   etag: 'W/"58f9a8eb-fe41"',
104 verbose headers   age: '107',
104 verbose headers   connection: 'keep-alive',
104 verbose headers   'x-served-by': 'cache-lhr6330-LHR',
104 verbose headers   'x-cache': 'HIT',
104 verbose headers   'x-cache-hits': '1',
104 verbose headers   'x-timer': 'S1495429985.243470,VS0,VE0',
104 verbose headers   vary: 'Accept-Encoding' }
105 silly get cb [ 304,
105 silly get   { date: 'Mon, 22 May 2017 05:13:05 GMT',
105 silly get     via: '1.1 varnish',
105 silly get     'cache-control': 'max-age=300',
105 silly get     etag: 'W/"58f9a8eb-fe41"',
105 silly get     age: '107',
105 silly get     connection: 'keep-alive',
105 silly get     'x-served-by': 'cache-lhr6330-LHR',
105 silly get     'x-cache': 'HIT',
105 silly get     'x-cache-hits': '1',
105 silly get     'x-timer': 'S1495429985.243470,VS0,VE0',
105 silly get     vary: 'Accept-Encoding' } ]
106 verbose etag https://registry.npmjs.org/gulp-util from cache
107 verbose get saving gulp-util to C:\Users\tan-tot\AppData\Roaming\npm-cache\registry.npmjs.org\gulp-util\.cache.json
108 verbose correctMkdir C:\Users\tan-tot\AppData\Roaming\npm-cache correctMkdir not in flight; initializing
109 silly resolveWithNewModule gulp-util@0.0.1 checking installable status
110 silly cache add args [ 'gulp-util@0.0.1', null ]
111 verbose cache add spec gulp-util@0.0.1
112 silly cache add parsed spec Result {
112 silly cache add   raw: 'gulp-util@0.0.1',
112 silly cache add   scope: null,
112 silly cache add   escapedName: 'gulp-util',
112 silly cache add   name: 'gulp-util',
112 silly cache add   rawSpec: '0.0.1',
112 silly cache add   spec: '0.0.1',
112 silly cache add   type: 'version' }
113 silly addNamed gulp-util@0.0.1
114 verbose addNamed "0.0.1" is a plain semver version for gulp-util
115 silly mapToRegistry name gulp-util
116 silly mapToRegistry using default registry
117 silly mapToRegistry registry https://registry.npmjs.org/
118 silly mapToRegistry data Result {
118 silly mapToRegistry   raw: 'gulp-util',
118 silly mapToRegistry   scope: null,
118 silly mapToRegistry   escapedName: 'gulp-util',
118 silly mapToRegistry   name: 'gulp-util',
118 silly mapToRegistry   rawSpec: '',
118 silly mapToRegistry   spec: 'latest',
118 silly mapToRegistry   type: 'tag' }
119 silly mapToRegistry uri https://registry.npmjs.org/gulp-util
120 verbose addNameVersion registry:https://registry.npmjs.org/gulp-util not in flight; fetching
121 verbose get https://registry.npmjs.org/gulp-util not expired, no request
122 silly cache afterAdd gulp-util@0.0.1
123 verbose afterAdd C:\Users\tan-tot\AppData\Roaming\npm-cache\gulp-util\0.0.1\package\package.json not in flight; writing
124 verbose correctMkdir C:\Users\tan-tot\AppData\Roaming\npm-cache correctMkdir not in flight; initializing
125 verbose afterAdd C:\Users\tan-tot\AppData\Roaming\npm-cache\gulp-util\0.0.1\package\package.json written
126 error git clone --template=C:\Users\tan-tot\AppData\Roaming\npm-cache\_git-remotes\_templates --mirror git://github.com/colynb/commonjs-html-prettyprinter.git C:\Users\tan-tot\AppData\Roaming\npm-cache\_git-remotes\git-github-com-colynb-commonjs-html-prettyprinter-git-82a62197: undefined
126 error git clone --template=C:\Users\tan-tot\AppData\Roaming\npm-cache\_git-remotes\_templates --mirror git://github.com/colynb/commonjs-html-prettyprinter.git C:\Users\tan-tot\AppData\Roaming\npm-cache\_git-remotes\git-github-com-colynb-commonjs-html-prettyprinter-git-82a62197: undefined
127 silly fetchPackageMetaData Error: not found: git
127 silly fetchPackageMetaData     at getNotFoundError (C:\Program Files\nodejs\node_modules\npm\node_modules\which\which.js:14:12)
127 silly fetchPackageMetaData     at F (C:\Program Files\nodejs\node_modules\npm\node_modules\which\which.js:69:19)
127 silly fetchPackageMetaData     at E (C:\Program Files\nodejs\node_modules\npm\node_modules\which\which.js:81:29)
127 silly fetchPackageMetaData     at C:\Program Files\nodejs\node_modules\npm\node_modules\which\which.js:90:16
127 silly fetchPackageMetaData     at C:\Program Files\nodejs\node_modules\npm\node_modules\which\node_modules\isexe\index.js:44:5
127 silly fetchPackageMetaData     at C:\Program Files\nodejs\node_modules\npm\node_modules\which\node_modules\isexe\windows.js:29:5
127 silly fetchPackageMetaData     at C:\Program Files\nodejs\node_modules\npm\node_modules\graceful-fs\polyfills.js:264:29
127 silly fetchPackageMetaData     at FSReqWrap.oncomplete (fs.js:123:15)
127 silly fetchPackageMetaData  error for html@git://github.com/colynb/commonjs-html-prettyprinter.git { Error: not found: git
127 silly fetchPackageMetaData     at getNotFoundError (C:\Program Files\nodejs\node_modules\npm\node_modules\which\which.js:14:12)
127 silly fetchPackageMetaData     at F (C:\Program Files\nodejs\node_modules\npm\node_modules\which\which.js:69:19)
127 silly fetchPackageMetaData     at E (C:\Program Files\nodejs\node_modules\npm\node_modules\which\which.js:81:29)
127 silly fetchPackageMetaData     at C:\Program Files\nodejs\node_modules\npm\node_modules\which\which.js:90:16
127 silly fetchPackageMetaData     at C:\Program Files\nodejs\node_modules\npm\node_modules\which\node_modules\isexe\index.js:44:5
127 silly fetchPackageMetaData     at C:\Program Files\nodejs\node_modules\npm\node_modules\which\node_modules\isexe\windows.js:29:5
127 silly fetchPackageMetaData     at C:\Program Files\nodejs\node_modules\npm\node_modules\graceful-fs\polyfills.js:264:29
127 silly fetchPackageMetaData     at FSReqWrap.oncomplete (fs.js:123:15) code: 'ENOGIT' }
128 http 304 https://registry.npmjs.org/clone
129 verbose headers { date: 'Mon, 22 May 2017 05:13:05 GMT',
129 verbose headers   via: '1.1 varnish',
129 verbose headers   'cache-control': 'max-age=300',
129 verbose headers   etag: 'W/"591e6bc2-ff60"',
129 verbose headers   age: '24',
129 verbose headers   connection: 'keep-alive',
129 verbose headers   'x-served-by': 'cache-lhr6325-LHR',
129 verbose headers   'x-cache': 'HIT',
129 verbose headers   'x-cache-hits': '1',
129 verbose headers   'x-timer': 'S1495429985.291942,VS0,VE0',
129 verbose headers   vary: 'Accept-Encoding' }
130 silly get cb [ 304,
130 silly get   { date: 'Mon, 22 May 2017 05:13:05 GMT',
130 silly get     via: '1.1 varnish',
130 silly get     'cache-control': 'max-age=300',
130 silly get     etag: 'W/"591e6bc2-ff60"',
130 silly get     age: '24',
130 silly get     connection: 'keep-alive',
130 silly get     'x-served-by': 'cache-lhr6325-LHR',
130 silly get     'x-cache': 'HIT',
130 silly get     'x-cache-hits': '1',
130 silly get     'x-timer': 'S1495429985.291942,VS0,VE0',
130 silly get     vary: 'Accept-Encoding' } ]
131 verbose etag https://registry.npmjs.org/clone from cache
132 verbose get saving clone to C:\Users\tan-tot\AppData\Roaming\npm-cache\registry.npmjs.org\clone\.cache.json
133 verbose correctMkdir C:\Users\tan-tot\AppData\Roaming\npm-cache correctMkdir not in flight; initializing
134 silly resolveWithNewModule clone@0.1.19 checking installable status
135 silly cache add args [ 'clone@~0.1.11', null ]
136 verbose cache add spec clone@~0.1.11
137 silly cache add parsed spec Result {
137 silly cache add   raw: 'clone@~0.1.11',
137 silly cache add   scope: null,
137 silly cache add   escapedName: 'clone',
137 silly cache add   name: 'clone',
137 silly cache add   rawSpec: '~0.1.11',
137 silly cache add   spec: '>=0.1.11 <0.2.0',
137 silly cache add   type: 'range' }
138 silly addNamed clone@>=0.1.11 <0.2.0
139 verbose addNamed ">=0.1.11 <0.2.0" is a valid semver range for clone
140 silly addNameRange { name: 'clone', range: '>=0.1.11 <0.2.0', hasData: false }
141 silly mapToRegistry name clone
142 silly mapToRegistry using default registry
143 silly mapToRegistry registry https://registry.npmjs.org/
144 silly mapToRegistry data Result {
144 silly mapToRegistry   raw: 'clone',
144 silly mapToRegistry   scope: null,
144 silly mapToRegistry   escapedName: 'clone',
144 silly mapToRegistry   name: 'clone',
144 silly mapToRegistry   rawSpec: '',
144 silly mapToRegistry   spec: 'latest',
144 silly mapToRegistry   type: 'tag' }
145 silly mapToRegistry uri https://registry.npmjs.org/clone
146 verbose addNameRange registry:https://registry.npmjs.org/clone not in flight; fetching
147 verbose get https://registry.npmjs.org/clone not expired, no request
148 silly addNameRange number 2 { name: 'clone', range: '>=0.1.11 <0.2.0', hasData: true }
149 silly addNameRange versions [ 'clone',
149 silly addNameRange   [ '0.0.0',
149 silly addNameRange     '0.0.1',
149 silly addNameRange     '0.0.2',
149 silly addNameRange     '0.0.3',
149 silly addNameRange     '0.0.4',
149 silly addNameRange     '0.0.5',
149 silly addNameRange     '0.0.6',
149 silly addNameRange     '0.0.7',
149 silly addNameRange     '0.1.0',
149 silly addNameRange     '0.1.1',
149 silly addNameRange     '0.1.2',
149 silly addNameRange     '0.1.3',
149 silly addNameRange     '0.1.4',
149 silly addNameRange     '0.1.5',
149 silly addNameRange     '0.1.6',
149 silly addNameRange     '0.1.7',
149 silly addNameRange     '0.1.8',
149 silly addNameRange     '0.1.9',
149 silly addNameRange     '0.1.10',
149 silly addNameRange     '0.1.11',
149 silly addNameRange     '0.1.12',
149 silly addNameRange     '0.1.13',
149 silly addNameRange     '0.1.14',
149 silly addNameRange     '0.1.15',
149 silly addNameRange     '0.1.16',
149 silly addNameRange     '0.1.17',
149 silly addNameRange     '0.1.18',
149 silly addNameRange     '0.2.0',
149 silly addNameRange     '0.1.19',
149 silly addNameRange     '1.0.0',
149 silly addNameRange     '1.0.1',
149 silly addNameRange     '1.0.2',
149 silly addNameRange     '2.0.0',
149 silly addNameRange     '2.1.0',
149 silly addNameRange     '2.1.1' ] ]
150 silly addNamed clone@0.1.19
151 verbose addNamed "0.1.19" is a plain semver version for clone
152 http 200 https://registry.npmjs.org/event-stream
153 verbose headers { server: 'nginx/1.10.1',
153 verbose headers   'content-type': 'application/json',
153 verbose headers   'last-modified': 'Thu, 11 May 2017 21:41:47 GMT',
153 verbose headers   etag: 'W/"5914da9b-17b84"',
153 verbose headers   'content-encoding': 'gzip',
153 verbose headers   'cache-control': 'max-age=300',
153 verbose headers   'content-length': '11239',
153 verbose headers   'accept-ranges': 'bytes',
153 verbose headers   date: 'Mon, 22 May 2017 05:13:05 GMT',
153 verbose headers   via: '1.1 varnish',
153 verbose headers   age: '23',
153 verbose headers   connection: 'keep-alive',
153 verbose headers   'x-served-by': 'cache-lhr6333-LHR',
153 verbose headers   'x-cache': 'HIT',
153 verbose headers   'x-cache-hits': '1',
153 verbose headers   'x-timer': 'S1495429985.297935,VS0,VE0',
153 verbose headers   vary: 'Accept-Encoding' }
154 silly get cb [ 200,
154 silly get   { server: 'nginx/1.10.1',
154 silly get     'content-type': 'application/json',
154 silly get     'last-modified': 'Thu, 11 May 2017 21:41:47 GMT',
154 silly get     etag: 'W/"5914da9b-17b84"',
154 silly get     'content-encoding': 'gzip',
154 silly get     'cache-control': 'max-age=300',
154 silly get     'content-length': '11239',
154 silly get     'accept-ranges': 'bytes',
154 silly get     date: 'Mon, 22 May 2017 05:13:05 GMT',
154 silly get     via: '1.1 varnish',
154 silly get     age: '23',
154 silly get     connection: 'keep-alive',
154 silly get     'x-served-by': 'cache-lhr6333-LHR',
154 silly get     'x-cache': 'HIT',
154 silly get     'x-cache-hits': '1',
154 silly get     'x-timer': 'S1495429985.297935,VS0,VE0',
154 silly get     vary: 'Accept-Encoding' } ]
155 verbose get saving event-stream to C:\Users\tan-tot\AppData\Roaming\npm-cache\registry.npmjs.org\event-stream\.cache.json
156 verbose correctMkdir C:\Users\tan-tot\AppData\Roaming\npm-cache correctMkdir not in flight; initializing
157 silly cache afterAdd clone@0.1.19
158 verbose afterAdd C:\Users\tan-tot\AppData\Roaming\npm-cache\clone\0.1.19\package\package.json not in flight; writing
159 verbose correctMkdir C:\Users\tan-tot\AppData\Roaming\npm-cache correctMkdir not in flight; initializing
160 verbose afterAdd C:\Users\tan-tot\AppData\Roaming\npm-cache\clone\0.1.19\package\package.json written
161 silly resolveWithNewModule event-stream@3.0.20 checking installable status
162 silly cache add args [ 'event-stream@~3.0.16', null ]
163 verbose cache add spec event-stream@~3.0.16
164 silly cache add parsed spec Result {
164 silly cache add   raw: 'event-stream@~3.0.16',
164 silly cache add   scope: null,
164 silly cache add   escapedName: 'event-stream',
164 silly cache add   name: 'event-stream',
164 silly cache add   rawSpec: '~3.0.16',
164 silly cache add   spec: '>=3.0.16 <3.1.0',
164 silly cache add   type: 'range' }
165 silly addNamed event-stream@>=3.0.16 <3.1.0
166 verbose addNamed ">=3.0.16 <3.1.0" is a valid semver range for event-stream
167 silly addNameRange { name: 'event-stream',
167 silly addNameRange   range: '>=3.0.16 <3.1.0',
167 silly addNameRange   hasData: false }
168 silly mapToRegistry name event-stream
169 silly mapToRegistry using default registry
170 silly mapToRegistry registry https://registry.npmjs.org/
171 silly mapToRegistry data Result {
171 silly mapToRegistry   raw: 'event-stream',
171 silly mapToRegistry   scope: null,
171 silly mapToRegistry   escapedName: 'event-stream',
171 silly mapToRegistry   name: 'event-stream',
171 silly mapToRegistry   rawSpec: '',
171 silly mapToRegistry   spec: 'latest',
171 silly mapToRegistry   type: 'tag' }
172 silly mapToRegistry uri https://registry.npmjs.org/event-stream
173 verbose addNameRange registry:https://registry.npmjs.org/event-stream not in flight; fetching
174 verbose get https://registry.npmjs.org/event-stream not expired, no request
175 silly addNameRange number 2 { name: 'event-stream', range: '>=3.0.16 <3.1.0', hasData: true }
176 silly addNameRange versions [ 'event-stream',
176 silly addNameRange   [ '0.1.0',
176 silly addNameRange     '0.2.0',
176 silly addNameRange     '0.2.1',
176 silly addNameRange     '0.3.0',
176 silly addNameRange     '0.4.0',
176 silly addNameRange     '0.5.0',
176 silly addNameRange     '0.5.1',
176 silly addNameRange     '0.5.2',
176 silly addNameRange     '0.5.3',
176 silly addNameRange     '0.6.0',
176 silly addNameRange     '0.7.0',
176 silly addNameRange     '0.8.0',
176 silly addNameRange     '0.8.1',
176 silly addNameRange     '0.8.2',
176 silly addNameRange     '0.9.0',
176 silly addNameRange     '0.9.1',
176 silly addNameRange     '0.9.2',
176 silly addNameRange     '0.9.3',
176 silly addNameRange     '0.9.4',
176 silly addNameRange     '0.9.6',
176 silly addNameRange     '0.9.7',
176 silly addNameRange     '0.9.8',
176 silly addNameRange     '0.10.0',
176 silly addNameRange     '1.0.0',
176 silly addNameRange     '1.1.0',
176 silly addNameRange     '1.2.0',
176 silly addNameRange     '1.3.0',
176 silly addNameRange     '1.3.1',
176 silly addNameRange     '2.0.0',
176 silly addNameRange     '2.0.1',
176 silly addNameRange     '2.0.2',
176 silly addNameRange     '2.0.3',
176 silly addNameRange     '2.0.4',
176 silly addNameRange     '2.0.9',
176 silly addNameRange     '2.0.10',
176 silly addNameRange     '2.1.0',
176 silly addNameRange     '2.1.2',
176 silly addNameRange     '2.1.3',
176 silly addNameRange     '2.1.4',
176 silly addNameRange     '2.1.5',
176 silly addNameRange     '2.1.7',
176 silly addNameRange     '2.1.8',
176 silly addNameRange     '2.1.9',
176 silly addNameRange     '2.2.0',
176 silly addNameRange     '2.2.1',
176 silly addNameRange     '2.2.2',
176 silly addNameRange     '2.2.3',
176 silly addNameRange     '3.0.0',
176 silly addNameRange     '3.0.1',
176 silly addNameRange     '3.0.2',
176 silly addNameRange     '3.0.3',
176 silly addNameRange     '3.0.4',
176 silly addNameRange     '3.0.5',
176 silly addNameRange     '3.0.6',
176 silly addNameRange     '3.0.7',
176 silly addNameRange     '3.0.8',
176 silly addNameRange     '3.0.9',
176 silly addNameRange     '3.0.10',
176 silly addNameRange     '3.0.11',
176 silly addNameRange     '3.0.12',
176 silly addNameRange     '3.0.13',
176 silly addNameRange     '3.0.14',
176 silly addNameRange     '3.0.15',
176 silly addNameRange     '3.0.16',
176 silly addNameRange     '3.0.17',
176 silly addNameRange     '3.0.18',
176 silly addNameRange     '3.0.20',
176 silly addNameRange     '3.1.0',
176 silly addNameRange     '3.1.1',
176 silly addNameRange     '3.1.2',
176 silly addNameRange     '3.1.4',
176 silly addNameRange     '3.1.5',
176 silly addNameRange     '3.1.7',
176 silly addNameRange     '3.2.0',
176 silly addNameRange     '3.2.1',
176 silly addNameRange     '3.2.2',
176 silly addNameRange     '3.3.0',
176 silly addNameRange     '3.3.1',
176 silly addNameRange     '3.3.2',
176 silly addNameRange     '3.3.3',
176 silly addNameRange     '3.3.4' ] ]
177 silly addNamed event-stream@3.0.20
178 verbose addNamed "3.0.20" is a plain semver version for event-stream
179 silly cache afterAdd event-stream@3.0.20
180 verbose afterAdd C:\Users\tan-tot\AppData\Roaming\npm-cache\event-stream\3.0.20\package\package.json not in flight; writing
181 verbose correctMkdir C:\Users\tan-tot\AppData\Roaming\npm-cache correctMkdir not in flight; initializing
182 verbose afterAdd C:\Users\tan-tot\AppData\Roaming\npm-cache\event-stream\3.0.20\package\package.json written
183 silly rollbackFailedOptional Starting
184 silly rollbackFailedOptional Finishing
185 silly runTopLevelLifecycles Finishing
186 silly install printInstalled
187 verbose stack Error: not found: git
187 verbose stack     at getNotFoundError (C:\Program Files\nodejs\node_modules\npm\node_modules\which\which.js:14:12)
187 verbose stack     at F (C:\Program Files\nodejs\node_modules\npm\node_modules\which\which.js:69:19)
187 verbose stack     at E (C:\Program Files\nodejs\node_modules\npm\node_modules\which\which.js:81:29)
187 verbose stack     at C:\Program Files\nodejs\node_modules\npm\node_modules\which\which.js:90:16
187 verbose stack     at C:\Program Files\nodejs\node_modules\npm\node_modules\which\node_modules\isexe\index.js:44:5
187 verbose stack     at C:\Program Files\nodejs\node_modules\npm\node_modules\which\node_modules\isexe\windows.js:29:5
187 verbose stack     at C:\Program Files\nodejs\node_modules\npm\node_modules\graceful-fs\polyfills.js:264:29
187 verbose stack     at FSReqWrap.oncomplete (fs.js:123:15)
188 verbose cwd C:\Users\tan-tot\Desktop\repos\webapp
189 error Windows_NT 10.0.14393
190 error argv "C:\\Program Files\\nodejs\\node.exe" "C:\\Program Files\\nodejs\\node_modules\\npm\\bin\\npm-cli.js" "i" "gulp-html-prettify"
191 error node v6.9.5
192 error npm  v3.10.10
193 error code ENOGIT
194 error not found: git
195 error Failed using git.
195 error This is most likely not a problem with npm itself.
195 error Please check if you have git installed and in your PATH.
196 verbose exit [ 1, true ]
